<?xml version="1.0" encoding="UTF-8"?>
<testsuites name="Advisortodo Testsuite" time="340.821" tests="5" failures="0" errors="0">
   <testsuite name="Advisortodo Testsuite" tests="5" failures="0" errors="0" time="340.821" timestamp="2019-12-16 15:10:48" hostname="nishit - nits-lappy" id="Test Suites/Advisortodo Testsuite">
      <properties>
         <property name="deviceName" value=""/>
         <property name="devicePlatform" value=""/>
         <property name="logFolder" value="/home/nishit/Katalon Studio/Advisortodo/Reports/20191216_151019/Advisortodo Testsuite/20191216_151019"/>
         <property name="logFiles" value="/home/nishit/Katalon Studio/Advisortodo/Reports/20191216_151019/Advisortodo Testsuite/20191216_151019/execution0.log"/>
         <property name="attachments" value="/home/nishit/Katalon Studio/Advisortodo/Reports/20191216_151019/Advisortodo Testsuite/20191216_151019/videos/test_1.avi, /home/nishit/Katalon Studio/Advisortodo/Reports/20191216_151019/Advisortodo Testsuite/20191216_151019/videos/test_2.avi, /home/nishit/Katalon Studio/Advisortodo/Reports/20191216_151019/Advisortodo Testsuite/20191216_151019/videos/test_3.avi, /home/nishit/Katalon Studio/Advisortodo/Reports/20191216_151019/Advisortodo Testsuite/20191216_151019/videos/test_4.avi, /home/nishit/Katalon Studio/Advisortodo/Reports/20191216_151019/Advisortodo Testsuite/20191216_151019/videos/test_5.avi"/>
         <property name="hostName" value="nishit - nits-lappy"/>
         <property name="os" value="Linux 64bit"/>
         <property name="katalonVersion" value="7.1.2.1"/>
         <property name="browser" value="Chrome 79.0.3945.79"/>
         <property name="hostAddress" value="192.168.100.13"/>
         <property name="sessionId" value="842d4bb4b29cbbf6ce9753ab0866e0a2"/>
         <property name="seleniumVersion" value="3.141.59"/>
         <property name="proxyInformation" value="ProxyInformation{proxyOption=NO_PROXY, proxyServerType=HTTP, password=, proxyServerAddress=, proxyServerPort=0, executionList=}"/>
         <property name="platform" value="Linux"/>
      </properties>
      <testcase name="Test Cases/Login" time="22.706" classname="Test Cases/Login" status="PASSED">
         <system-out><![CDATA[2019-12-16 15:10:48 - [TEST_CASE][PASSED] - Test Cases/Login: Test Cases/Login

2019-12-16 15:10:49 - [TEST_STEP][PASSED] - openBrowser(""): Browser is opened with url: ''

2019-12-16 15:10:49 - [MESSAGE][INFO] - Starting 'Chrome' driver

2019-12-16 15:10:49 - [MESSAGE][INFO] - Action delay is set to 0 seconds

2019-12-16 15:11:02 - [MESSAGE][PASSED] - Browser is opened with url: ''

2019-12-16 15:11:02 - [TEST_STEP][PASSED] - navigateToUrl("https://app.gntkwhqzn-test.advisortodo.com/#/auth/signin"): Navigate to 'https://app.gntkwhqzn-test.advisortodo.com/#/auth/signin' successfully

2019-12-16 15:11:06 - [MESSAGE][PASSED] - Navigate to 'https://app.gntkwhqzn-test.advisortodo.com/#/auth/signin' successfully

2019-12-16 15:11:06 - [TEST_STEP][PASSED] - setText(findTestObject("Object Repository/Page_advisor to-do/input_Sign In_form-control"), "admin@advisortodo.com"): Text 'admin@advisortodo.com' is set on object 'Object Repository/Page_advisor to-do/input_Sign In_form-control'

2019-12-16 15:11:07 - [MESSAGE][PASSED] - Text 'admin@advisortodo.com' is set on object 'Object Repository/Page_advisor to-do/input_Sign In_form-control'

2019-12-16 15:11:07 - [TEST_STEP][PASSED] - setEncryptedText(findTestObject("Object Repository/Page_advisor to-do/input_Sign In_form-control_1"), "7Dxoto1EjKeORhrTDROfog=="): Text ****** has been set on object 'Object Repository/Page_advisor to-do/input_Sign In_form-control_1'

2019-12-16 15:11:08 - [MESSAGE][PASSED] - Text ****** has been set on object 'Object Repository/Page_advisor to-do/input_Sign In_form-control_1'

2019-12-16 15:11:08 - [TEST_STEP][PASSED] - click(findTestObject("Object Repository/Page_advisor to-do/button_Sign In")): Object: 'Object Repository/Page_advisor to-do/button_Sign In' is clicked on

2019-12-16 15:11:08 - [MESSAGE][PASSED] - Object: 'Object Repository/Page_advisor to-do/button_Sign In' is clicked on

2019-12-16 15:11:08 - [TEST_STEP][PASSED] - closeBrowser(): Browser is closed

2019-12-16 15:11:09 - [MESSAGE][PASSED] - Browser is closed

2019-12-16 15:11:11 - [TEST_STEP][PASSED] - Video: Video recording for test case 'Test Cases/Login' .

2019-12-16 15:11:11 - [MESSAGE][INFO] - Video recording for test case 'Test Cases/Login' .
[[ATTACHMENT|/home/nishit/Katalon Studio/Advisortodo/Reports/20191216_151019/Advisortodo Testsuite/20191216_151019/videos/test_1.avi]]]]></system-out>
         <system-err><![CDATA[]]></system-err>
      </testcase>
      <testcase name="Test Cases/Sign Up" time="22.57" classname="Test Cases/Sign Up" status="PASSED">
         <system-out><![CDATA[2019-12-16 15:11:11 - [TEST_CASE][PASSED] - Test Cases/Sign Up: Test Cases/Sign Up

2019-12-16 15:11:11 - [TEST_STEP][PASSED] - openBrowser(""): Browser is opened with url: ''

2019-12-16 15:11:11 - [MESSAGE][INFO] - Starting 'Chrome' driver

2019-12-16 15:11:23 - [MESSAGE][PASSED] - Browser is opened with url: ''

2019-12-16 15:11:23 - [TEST_STEP][PASSED] - navigateToUrl("https://app.gntkwhqzn-test.advisortodo.com/#/auth/signup"): Navigate to 'https://app.gntkwhqzn-test.advisortodo.com/#/auth/signup' successfully

2019-12-16 15:11:27 - [MESSAGE][PASSED] - Navigate to 'https://app.gntkwhqzn-test.advisortodo.com/#/auth/signup' successfully

2019-12-16 15:11:27 - [TEST_STEP][PASSED] - setText(findTestObject("Object Repository/Page_advisor to-do/input_Signing up is easy It only takes a fe_e93503"), "Nishit"): Text 'Nishit' is set on object 'Object Repository/Page_advisor to-do/input_Signing up is easy It only takes a fe_e93503'

2019-12-16 15:11:28 - [MESSAGE][PASSED] - Text 'Nishit' is set on object 'Object Repository/Page_advisor to-do/input_Signing up is easy It only takes a fe_e93503'

2019-12-16 15:11:28 - [TEST_STEP][PASSED] - setText(findTestObject("Object Repository/Page_advisor to-do/input_Signing up is easy It only takes a fe_4992b8"), "Sheth"): Text 'Sheth' is set on object 'Object Repository/Page_advisor to-do/input_Signing up is easy It only takes a fe_4992b8'

2019-12-16 15:11:28 - [MESSAGE][PASSED] - Text 'Sheth' is set on object 'Object Repository/Page_advisor to-do/input_Signing up is easy It only takes a fe_4992b8'

2019-12-16 15:11:28 - [TEST_STEP][PASSED] - setText(findTestObject("Object Repository/Page_advisor to-do/input_Signing up is easy It only takes a fe_6bb433"), "Katalon"): Text 'Katalon' is set on object 'Object Repository/Page_advisor to-do/input_Signing up is easy It only takes a fe_6bb433'

2019-12-16 15:11:29 - [MESSAGE][PASSED] - Text 'Katalon' is set on object 'Object Repository/Page_advisor to-do/input_Signing up is easy It only takes a fe_6bb433'

2019-12-16 15:11:29 - [TEST_STEP][PASSED] - setText(findTestObject("Object Repository/Page_advisor to-do/input_Signing up is easy It only takes a fe_336808"), "nishit7531@katalon.com"): Text 'nishit7531@katalon.com' is set on object 'Object Repository/Page_advisor to-do/input_Signing up is easy It only takes a fe_336808'

2019-12-16 15:11:30 - [MESSAGE][PASSED] - Text 'nishit7531@katalon.com' is set on object 'Object Repository/Page_advisor to-do/input_Signing up is easy It only takes a fe_336808'

2019-12-16 15:11:30 - [TEST_STEP][PASSED] - setEncryptedText(findTestObject("Object Repository/Page_advisor to-do/input_Signing up is easy It only takes a fe_1ac70e"), "NP9hgsAAjFyq3K+3yMdUSg=="): Text ****** has been set on object 'Object Repository/Page_advisor to-do/input_Signing up is easy It only takes a fe_1ac70e'

2019-12-16 15:11:30 - [MESSAGE][PASSED] - Text ****** has been set on object 'Object Repository/Page_advisor to-do/input_Signing up is easy It only takes a fe_1ac70e'

2019-12-16 15:11:30 - [TEST_STEP][PASSED] - click(findTestObject("Object Repository/Page_advisor to-do/button_Sign Up")): Object: 'Object Repository/Page_advisor to-do/button_Sign Up' is clicked on

2019-12-16 15:11:31 - [MESSAGE][PASSED] - Object: 'Object Repository/Page_advisor to-do/button_Sign Up' is clicked on

2019-12-16 15:11:31 - [TEST_STEP][PASSED] - closeBrowser(): Browser is closed

2019-12-16 15:11:31 - [MESSAGE][PASSED] - Browser is closed

2019-12-16 15:11:33 - [TEST_STEP][PASSED] - Video: Video recording for test case 'Test Cases/Sign Up' .

2019-12-16 15:11:33 - [MESSAGE][INFO] - Video recording for test case 'Test Cases/Sign Up' .
[[ATTACHMENT|/home/nishit/Katalon Studio/Advisortodo/Reports/20191216_151019/Advisortodo Testsuite/20191216_151019/videos/test_2.avi]]]]></system-out>
         <system-err><![CDATA[]]></system-err>
      </testcase>
      <testcase name="Test Cases/Forgot Password" time="66.117" classname="Test Cases/Forgot Password" status="PASSED">
         <system-out><![CDATA[2019-12-16 15:11:33 - [TEST_CASE][PASSED] - Test Cases/Forgot Password: Test Cases/Forgot Password

2019-12-16 15:11:33 - [TEST_STEP][PASSED] - openBrowser(""): Browser is opened with url: ''

2019-12-16 15:11:33 - [MESSAGE][INFO] - Starting 'Chrome' driver

2019-12-16 15:11:44 - [MESSAGE][PASSED] - Browser is opened with url: ''

2019-12-16 15:11:44 - [TEST_STEP][PASSED] - navigateToUrl("https://app.gntkwhqzn-test.advisortodo.com/#/auth/Signin"): Navigate to 'https://app.gntkwhqzn-test.advisortodo.com/#/auth/Signin' successfully

2019-12-16 15:11:48 - [MESSAGE][PASSED] - Navigate to 'https://app.gntkwhqzn-test.advisortodo.com/#/auth/Signin' successfully

2019-12-16 15:11:48 - [TEST_STEP][PASSED] - click(findTestObject("Object Repository/Page_advisor to-do/a_Forgot Password")): Object: 'Object Repository/Page_advisor to-do/a_Forgot Password' is clicked on

2019-12-16 15:11:49 - [MESSAGE][PASSED] - Object: 'Object Repository/Page_advisor to-do/a_Forgot Password' is clicked on

2019-12-16 15:11:49 - [TEST_STEP][PASSED] - setText(findTestObject("Object Repository/Page_advisor to-do/input_Send Email_form-control"), "admin@advisortodo.com"): Text 'admin@advisortodo.com' is set on object 'Object Repository/Page_advisor to-do/input_Send Email_form-control'

2019-12-16 15:12:34 - [MESSAGE][INFO] - Unable to find the element located by 'By.xpath: //input[@value='Nishit7531@katalon.com']'. Please recheck the objects properties to make sure the desired element is located. 

2019-12-16 15:12:34 - [MESSAGE][INFO] - [SMART_XPATH] Auto-trying out other XPath values in the test object.

2019-12-16 15:12:34 - [MESSAGE][INFO] - [SMART_XPATH] WORKING XPATH: '//input[@value='']'.

2019-12-16 15:12:34 - [MESSAGE][INFO] - [SMART_XPATH] Screenshot: /home/nishit/Katalon Studio/Advisortodo/Reports/smart_xpath/Object Repository/Page_advisor to-do/input_Send Email_form-control_attributes.png

2019-12-16 15:12:35 - [MESSAGE][INFO] - [SMART_XPATH] WORKING XPATH: '//div[@id='root']/div/div/div/div/div/div/div/form/div/input'.

2019-12-16 15:12:35 - [MESSAGE][INFO] - [SMART_XPATH] Screenshot: /home/nishit/Katalon Studio/Advisortodo/Reports/smart_xpath/Object Repository/Page_advisor to-do/input_Send Email_form-control_idRelative.png

2019-12-16 15:12:35 - [MESSAGE][INFO] - [SMART_XPATH] WORKING XPATH: '(.//*[normalize-space(text()) and normalize-space(.)='Send Email'])[1]/preceding::input[1]'.

2019-12-16 15:12:35 - [MESSAGE][INFO] - [SMART_XPATH] Screenshot: /home/nishit/Katalon Studio/Advisortodo/Reports/smart_xpath/Object Repository/Page_advisor to-do/input_Send Email_form-control_neighbor_0.png

2019-12-16 15:12:36 - [MESSAGE][INFO] - [SMART_XPATH] WORKING XPATH: '(.//*[normalize-space(text()) and normalize-space(.)='Back to Sign In'])[1]/preceding::input[1]'.

2019-12-16 15:12:36 - [MESSAGE][INFO] - [SMART_XPATH] Screenshot: /home/nishit/Katalon Studio/Advisortodo/Reports/smart_xpath/Object Repository/Page_advisor to-do/input_Send Email_form-control_neighbor_1.png

2019-12-16 15:12:36 - [MESSAGE][INFO] - [SMART_XPATH] WORKING XPATH: '//input'.

2019-12-16 15:12:36 - [MESSAGE][INFO] - [SMART_XPATH] Screenshot: /home/nishit/Katalon Studio/Advisortodo/Reports/smart_xpath/Object Repository/Page_advisor to-do/input_Send Email_form-control_position.png

2019-12-16 15:12:36 - [MESSAGE][ERROR] - [SMART_XPATH] /home/nishit/Katalon Studio/Advisortodo/Reports/smart_xpath/waiting-for-approval.json (No such file or directory)

2019-12-16 15:12:36 - [MESSAGE][ERROR] - [SMART_XPATH] /home/nishit/Katalon Studio/Advisortodo/Reports/smart_xpath/waiting-for-approval.json does not exist or is provided by Smart XPath Plugin!

2019-12-16 15:12:36 - [MESSAGE][INFO] - [SMART_XPATH] Selected Smart XPath: '//input[@value='']'.

2019-12-16 15:12:36 - [MESSAGE][INFO] - [SMART_XPATH] Continuing executing the test case!

2019-12-16 15:12:37 - [MESSAGE][PASSED] - Text 'admin@advisortodo.com' is set on object 'Object Repository/Page_advisor to-do/input_Send Email_form-control'

2019-12-16 15:12:37 - [TEST_STEP][PASSED] - click(findTestObject("Object Repository/Page_advisor to-do/button_Send Email")): Object: 'Object Repository/Page_advisor to-do/button_Send Email' is clicked on

2019-12-16 15:12:37 - [MESSAGE][PASSED] - Object: 'Object Repository/Page_advisor to-do/button_Send Email' is clicked on

2019-12-16 15:12:37 - [TEST_STEP][PASSED] - closeBrowser(): Browser is closed

2019-12-16 15:12:37 - [MESSAGE][PASSED] - Browser is closed

2019-12-16 15:12:39 - [TEST_STEP][PASSED] - Video: Video recording for test case 'Test Cases/Forgot Password' .

2019-12-16 15:12:39 - [MESSAGE][INFO] - Video recording for test case 'Test Cases/Forgot Password' .
[[ATTACHMENT|/home/nishit/Katalon Studio/Advisortodo/Reports/20191216_151019/Advisortodo Testsuite/20191216_151019/videos/test_3.avi]]]]></system-out>
         <system-err><![CDATA[]]></system-err>
      </testcase>
      <testcase name="Test Cases/Task" time="102.148" classname="Test Cases/Task" status="PASSED">
         <system-out><![CDATA[2019-12-16 15:12:39 - [TEST_CASE][PASSED] - Test Cases/Task: Test Cases/Task

2019-12-16 15:12:40 - [TEST_STEP][PASSED] - openBrowser(""): Browser is opened with url: ''

2019-12-16 15:12:40 - [MESSAGE][INFO] - Starting 'Chrome' driver

2019-12-16 15:12:51 - [MESSAGE][PASSED] - Browser is opened with url: ''

2019-12-16 15:12:51 - [TEST_STEP][PASSED] - navigateToUrl("https://app.gntkwhqzn-test.advisortodo.com/#/auth/Signin"): Navigate to 'https://app.gntkwhqzn-test.advisortodo.com/#/auth/Signin' successfully

2019-12-16 15:12:55 - [MESSAGE][PASSED] - Navigate to 'https://app.gntkwhqzn-test.advisortodo.com/#/auth/Signin' successfully

2019-12-16 15:12:55 - [TEST_STEP][PASSED] - setText(findTestObject("Page_advisor to-do/input_Sign In_form-control"), "admin@advisortodo.com"): Text 'admin@advisortodo.com' is set on object 'Object Repository/Page_advisor to-do/input_Sign In_form-control'

2019-12-16 15:12:56 - [MESSAGE][PASSED] - Text 'admin@advisortodo.com' is set on object 'Object Repository/Page_advisor to-do/input_Sign In_form-control'

2019-12-16 15:12:56 - [TEST_STEP][PASSED] - setEncryptedText(findTestObject("Page_advisor to-do/input_Sign In_form-control_1"), "7Dxoto1EjKeORhrTDROfog=="): Text ****** has been set on object 'Object Repository/Page_advisor to-do/input_Sign In_form-control_1'

2019-12-16 15:12:56 - [MESSAGE][PASSED] - Text ****** has been set on object 'Object Repository/Page_advisor to-do/input_Sign In_form-control_1'

2019-12-16 15:12:56 - [TEST_STEP][PASSED] - click(findTestObject("Page_advisor to-do/button_Sign In")): Object: 'Object Repository/Page_advisor to-do/button_Sign In' is clicked on

2019-12-16 15:12:57 - [MESSAGE][PASSED] - Object: 'Object Repository/Page_advisor to-do/button_Sign In' is clicked on

2019-12-16 15:12:57 - [TEST_STEP][PASSED] - click(findTestObject("Object Repository/Page_advisor to-do/a_Tasks")): Object: 'Object Repository/Page_advisor to-do/a_Tasks' is clicked on

2019-12-16 15:13:06 - [MESSAGE][PASSED] - Object: 'Object Repository/Page_advisor to-do/a_Tasks' is clicked on

2019-12-16 15:13:06 - [TEST_STEP][PASSED] - click(findTestObject("Object Repository/Page_advisor to-do/button_Archived Projects_addTask")): Object: 'Object Repository/Page_advisor to-do/button_Archived Projects_addTask' is clicked on

2019-12-16 15:13:10 - [MESSAGE][PASSED] - Object: 'Object Repository/Page_advisor to-do/button_Archived Projects_addTask' is clicked on

2019-12-16 15:13:10 - [TEST_STEP][PASSED] - setText(findTestObject("Object Repository/Page_advisor to-do/input_Priority_combobox1"), "Task2"): Text 'Task2' is set on object 'Object Repository/Page_advisor to-do/input_Priority_combobox1'

2019-12-16 15:13:11 - [MESSAGE][PASSED] - Text 'Task2' is set on object 'Object Repository/Page_advisor to-do/input_Priority_combobox1'

2019-12-16 15:13:11 - [TEST_STEP][PASSED] - sendKeys(findTestObject("Object Repository/Page_advisor to-do/input_Priority_combobox1"), Keys.chord(ENTER)): Keys 'ENTER + ' sent to object: 'Object Repository/Page_advisor to-do/input_Priority_combobox1'

2019-12-16 15:13:12 - [MESSAGE][PASSED] - Keys 'ENTER + ' sent to object: 'Object Repository/Page_advisor to-do/input_Priority_combobox1'

2019-12-16 15:13:12 - [TEST_STEP][PASSED] - setText(findTestObject("Object Repository/Page_advisor to-do/input_Priority_combobox1"), "Task3"): Text 'Task3' is set on object 'Object Repository/Page_advisor to-do/input_Priority_combobox1'

2019-12-16 15:13:14 - [MESSAGE][PASSED] - Text 'Task3' is set on object 'Object Repository/Page_advisor to-do/input_Priority_combobox1'

2019-12-16 15:13:14 - [TEST_STEP][PASSED] - click(findTestObject("Object Repository/Page_advisor to-do/div_Project")): Object: 'Object Repository/Page_advisor to-do/div_Project' is clicked on

2019-12-16 15:13:14 - [MESSAGE][PASSED] - Object: 'Object Repository/Page_advisor to-do/div_Project' is clicked on

2019-12-16 15:13:14 - [TEST_STEP][PASSED] - click(findTestObject("Object Repository/Page_advisor to-do/div_dsfdsf")): Object: 'Object Repository/Page_advisor to-do/div_dsfdsf' is clicked on

2019-12-16 15:13:15 - [MESSAGE][PASSED] - Object: 'Object Repository/Page_advisor to-do/div_dsfdsf' is clicked on

2019-12-16 15:13:15 - [TEST_STEP][PASSED] - click(findTestObject("Object Repository/Page_advisor to-do/div_High")): Object: 'Object Repository/Page_advisor to-do/div_High' is clicked on

2019-12-16 15:13:17 - [MESSAGE][PASSED] - Object: 'Object Repository/Page_advisor to-do/div_High' is clicked on

2019-12-16 15:13:17 - [TEST_STEP][PASSED] - click(findTestObject("Object Repository/Page_advisor to-do/div_Medium")): Object: 'Object Repository/Page_advisor to-do/div_Medium' is clicked on

2019-12-16 15:13:17 - [MESSAGE][PASSED] - Object: 'Object Repository/Page_advisor to-do/div_Medium' is clicked on

2019-12-16 15:13:17 - [TEST_STEP][PASSED] - click(findTestObject("Object Repository/Page_advisor to-do/input_Medium_taskDueDate")): Object: 'Object Repository/Page_advisor to-do/input_Medium_taskDueDate' is clicked on

2019-12-16 15:13:19 - [MESSAGE][PASSED] - Object: 'Object Repository/Page_advisor to-do/input_Medium_taskDueDate' is clicked on

2019-12-16 15:13:19 - [TEST_STEP][PASSED] - click(findTestObject("Object Repository/Page_advisor to-do/div_6")): Object: 'Object Repository/Page_advisor to-do/div_6' is clicked on

2019-12-16 15:13:19 - [MESSAGE][PASSED] - Object: 'Object Repository/Page_advisor to-do/div_6' is clicked on

2019-12-16 15:13:19 - [TEST_STEP][PASSED] - click(findTestObject("Object Repository/Page_advisor to-do/input_Medium_form-control input-xs")): Object: 'Object Repository/Page_advisor to-do/input_Medium_form-control input-xs' is clicked on

2019-12-16 15:14:04 - [MESSAGE][INFO] - Unable to find the element located by 'By.xpath: //input[@value='December 5, 2019']'. Please recheck the objects properties to make sure the desired element is located. 

2019-12-16 15:14:04 - [MESSAGE][INFO] - [SMART_XPATH] Auto-trying out other XPath values in the test object.

2019-12-16 15:14:04 - [MESSAGE][INFO] - [SMART_XPATH] FAILED XPATH: '//input[@value='December 5, 2019']'.

2019-12-16 15:14:05 - [MESSAGE][INFO] - [SMART_XPATH] WORKING XPATH: '//div[@id='root']/div/div/div/div/div/div[2]/div/div[2]/form/div[5]/div/div/div/div[2]/div/input'.

2019-12-16 15:14:05 - [MESSAGE][INFO] - [SMART_XPATH] Screenshot: /home/nishit/Katalon Studio/Advisortodo/Reports/smart_xpath/Object Repository/Page_advisor to-do/input_Medium_form-control input-xs_idRelative.png

2019-12-16 15:14:06 - [MESSAGE][INFO] - [SMART_XPATH] WORKING XPATH: '(.//*[normalize-space(text()) and normalize-space(.)='Medium'])[1]/following::input[3]'.

2019-12-16 15:14:06 - [MESSAGE][INFO] - [SMART_XPATH] Screenshot: /home/nishit/Katalon Studio/Advisortodo/Reports/smart_xpath/Object Repository/Page_advisor to-do/input_Medium_form-control input-xs_neighbor_1.png

2019-12-16 15:14:06 - [MESSAGE][INFO] - [SMART_XPATH] FAILED XPATH: '(.//*[normalize-space(text()) and normalize-space(.)='dsfdsf'])[3]/following::input[4]'.

2019-12-16 15:14:07 - [MESSAGE][INFO] - [SMART_XPATH] WORKING XPATH: '(.//*[normalize-space(text()) and normalize-space(.)='Prospecting'])[1]/preceding::input[3]'.

2019-12-16 15:14:07 - [MESSAGE][INFO] - [SMART_XPATH] Screenshot: /home/nishit/Katalon Studio/Advisortodo/Reports/smart_xpath/Object Repository/Page_advisor to-do/input_Medium_form-control input-xs_neighbor_2.png

2019-12-16 15:14:07 - [MESSAGE][INFO] - [SMART_XPATH] FAILED XPATH: '(.//*[normalize-space(text()) and normalize-space(.)='UW'])[24]/preceding::input[5]'.

2019-12-16 15:14:08 - [MESSAGE][INFO] - [SMART_XPATH] WORKING XPATH: '//div[5]/div/div/div/div[2]/div/input'.

2019-12-16 15:14:08 - [MESSAGE][INFO] - [SMART_XPATH] Screenshot: /home/nishit/Katalon Studio/Advisortodo/Reports/smart_xpath/Object Repository/Page_advisor to-do/input_Medium_form-control input-xs_position.png

2019-12-16 15:14:08 - [MESSAGE][ERROR] - [SMART_XPATH] /home/nishit/Katalon Studio/Advisortodo/Reports/smart_xpath/waiting-for-approval.json (No such file or directory)

2019-12-16 15:14:08 - [MESSAGE][ERROR] - [SMART_XPATH] /home/nishit/Katalon Studio/Advisortodo/Reports/smart_xpath/waiting-for-approval.json does not exist or is provided by Smart XPath Plugin!

2019-12-16 15:14:08 - [MESSAGE][INFO] - [SMART_XPATH] Selected Smart XPath: '//div[@id='root']/div/div/div/div/div/div[2]/div/div[2]/form/div[5]/div/div/div/div[2]/div/input'.

2019-12-16 15:14:08 - [MESSAGE][INFO] - [SMART_XPATH] Continuing executing the test case!

2019-12-16 15:14:09 - [MESSAGE][PASSED] - Object: 'Object Repository/Page_advisor to-do/input_Medium_form-control input-xs' is clicked on

2019-12-16 15:14:09 - [TEST_STEP][PASSED] - click(findTestObject("Object Repository/Page_advisor to-do/div_5")): Object: 'Object Repository/Page_advisor to-do/div_5' is clicked on

2019-12-16 15:14:09 - [MESSAGE][PASSED] - Object: 'Object Repository/Page_advisor to-do/div_5' is clicked on

2019-12-16 15:14:09 - [TEST_STEP][PASSED] - click(findTestObject("Object Repository/Page_advisor to-do/div_00")): Object: 'Object Repository/Page_advisor to-do/div_00' is clicked on

2019-12-16 15:14:10 - [MESSAGE][PASSED] - Object: 'Object Repository/Page_advisor to-do/div_00' is clicked on

2019-12-16 15:14:10 - [TEST_STEP][PASSED] - click(findTestObject("Object Repository/Page_advisor to-do/div_01")): Object: 'Object Repository/Page_advisor to-do/div_01' is clicked on

2019-12-16 15:14:10 - [MESSAGE][PASSED] - Object: 'Object Repository/Page_advisor to-do/div_01' is clicked on

2019-12-16 15:14:10 - [TEST_STEP][PASSED] - click(findTestObject("Object Repository/Page_advisor to-do/div_30")): Object: 'Object Repository/Page_advisor to-do/div_30' is clicked on

2019-12-16 15:14:12 - [MESSAGE][PASSED] - Object: 'Object Repository/Page_advisor to-do/div_30' is clicked on

2019-12-16 15:14:12 - [TEST_STEP][PASSED] - click(findTestObject("Object Repository/Page_advisor to-do/div_00_1")): Object: 'Object Repository/Page_advisor to-do/div_00_1' is clicked on

2019-12-16 15:14:13 - [MESSAGE][PASSED] - Object: 'Object Repository/Page_advisor to-do/div_00_1' is clicked on

2019-12-16 15:14:13 - [TEST_STEP][PASSED] - click(findTestObject("Object Repository/Page_advisor to-do/div_Prospecting")): Object: 'Object Repository/Page_advisor to-do/div_Prospecting' is clicked on

2019-12-16 15:14:13 - [MESSAGE][PASSED] - Object: 'Object Repository/Page_advisor to-do/div_Prospecting' is clicked on

2019-12-16 15:14:13 - [TEST_STEP][PASSED] - click(findTestObject("Object Repository/Page_advisor to-do/div_New category")): Object: 'Object Repository/Page_advisor to-do/div_New category' is clicked on

2019-12-16 15:14:14 - [MESSAGE][PASSED] - Object: 'Object Repository/Page_advisor to-do/div_New category' is clicked on

2019-12-16 15:14:14 - [TEST_STEP][PASSED] - click(findTestObject("Object Repository/Page_advisor to-do/i_See More_fa fa-clone")): Object: 'Object Repository/Page_advisor to-do/i_See More_fa fa-clone' is clicked on

2019-12-16 15:14:15 - [MESSAGE][PASSED] - Object: 'Object Repository/Page_advisor to-do/i_See More_fa fa-clone' is clicked on

2019-12-16 15:14:15 - [TEST_STEP][PASSED] - click(findTestObject("Object Repository/Page_advisor to-do/i_Createda few seconds ago_fa fa-trash")): Object: 'Object Repository/Page_advisor to-do/i_Createda few seconds ago_fa fa-trash' is clicked on

2019-12-16 15:14:16 - [MESSAGE][PASSED] - Object: 'Object Repository/Page_advisor to-do/i_Createda few seconds ago_fa fa-trash' is clicked on

2019-12-16 15:14:16 - [TEST_STEP][PASSED] - click(findTestObject("Object Repository/Page_advisor to-do/a_UW")): Object: 'Object Repository/Page_advisor to-do/a_UW' is clicked on

2019-12-16 15:14:19 - [MESSAGE][PASSED] - Object: 'Object Repository/Page_advisor to-do/a_UW' is clicked on

2019-12-16 15:14:19 - [TEST_STEP][PASSED] - click(findTestObject("Object Repository/Page_advisor to-do/div_Logout")): Object: 'Object Repository/Page_advisor to-do/div_Logout' is clicked on

2019-12-16 15:14:19 - [MESSAGE][PASSED] - Object: 'Object Repository/Page_advisor to-do/div_Logout' is clicked on

2019-12-16 15:14:19 - [TEST_STEP][PASSED] - closeBrowser(): Browser is closed

2019-12-16 15:14:19 - [MESSAGE][PASSED] - Browser is closed

2019-12-16 15:14:21 - [TEST_STEP][PASSED] - Video: Video recording for test case 'Test Cases/Task' .

2019-12-16 15:14:21 - [MESSAGE][INFO] - Video recording for test case 'Test Cases/Task' .
[[ATTACHMENT|/home/nishit/Katalon Studio/Advisortodo/Reports/20191216_151019/Advisortodo Testsuite/20191216_151019/videos/test_4.avi]]]]></system-out>
         <system-err><![CDATA[]]></system-err>
      </testcase>
      <testcase name="Test Cases/Project" time="107.034" classname="Test Cases/Project" status="PASSED">
         <system-out><![CDATA[2019-12-16 15:14:21 - [TEST_CASE][PASSED] - Test Cases/Project: Test Cases/Project

2019-12-16 15:14:22 - [TEST_STEP][PASSED] - openBrowser(""): Browser is opened with url: ''

2019-12-16 15:14:22 - [MESSAGE][INFO] - Starting 'Chrome' driver

2019-12-16 15:14:34 - [MESSAGE][PASSED] - Browser is opened with url: ''

2019-12-16 15:14:34 - [TEST_STEP][PASSED] - navigateToUrl("https://app.gntkwhqzn-test.advisortodo.com/#/auth/signin"): Navigate to 'https://app.gntkwhqzn-test.advisortodo.com/#/auth/signin' successfully

2019-12-16 15:14:38 - [MESSAGE][PASSED] - Navigate to 'https://app.gntkwhqzn-test.advisortodo.com/#/auth/signin' successfully

2019-12-16 15:14:38 - [TEST_STEP][PASSED] - setText(findTestObject("Object Repository/Project/Page_advisor to-do/input_Sign In_form-control"), "admin@advisortodo.com"): Text 'admin@advisortodo.com' is set on object 'Object Repository/Project/Page_advisor to-do/input_Sign In_form-control'

2019-12-16 15:14:39 - [MESSAGE][PASSED] - Text 'admin@advisortodo.com' is set on object 'Object Repository/Project/Page_advisor to-do/input_Sign In_form-control'

2019-12-16 15:14:39 - [TEST_STEP][PASSED] - setEncryptedText(findTestObject("Object Repository/Project/Page_advisor to-do/input_Sign In_form-control_1"), "7Dxoto1EjKeORhrTDROfog=="): Text ****** has been set on object 'Object Repository/Project/Page_advisor to-do/input_Sign In_form-control_1'

2019-12-16 15:14:39 - [MESSAGE][PASSED] - Text ****** has been set on object 'Object Repository/Project/Page_advisor to-do/input_Sign In_form-control_1'

2019-12-16 15:14:39 - [TEST_STEP][PASSED] - click(findTestObject("Object Repository/Project/Page_advisor to-do/button_Sign In")): Object: 'Object Repository/Project/Page_advisor to-do/button_Sign In' is clicked on

2019-12-16 15:14:40 - [MESSAGE][PASSED] - Object: 'Object Repository/Project/Page_advisor to-do/button_Sign In' is clicked on

2019-12-16 15:14:40 - [TEST_STEP][PASSED] - click(findTestObject("Object Repository/Project/Page_advisor to-do/a_Projects")): Object: 'Object Repository/Project/Page_advisor to-do/a_Projects' is clicked on

2019-12-16 15:14:50 - [MESSAGE][PASSED] - Object: 'Object Repository/Project/Page_advisor to-do/a_Projects' is clicked on

2019-12-16 15:14:50 - [TEST_STEP][PASSED] - click(findTestObject("Object Repository/Project/Page_advisor to-do/button_Archived Projects_addProject")): Object: 'Object Repository/Project/Page_advisor to-do/button_Archived Projects_addProject' is clicked on

2019-12-16 15:14:53 - [MESSAGE][PASSED] - Object: 'Object Repository/Project/Page_advisor to-do/button_Archived Projects_addProject' is clicked on

2019-12-16 15:14:53 - [TEST_STEP][PASSED] - setText(findTestObject("Object Repository/Project/Page_advisor to-do/input_Archived Projects_ml-2 m-0 form-contr_5e655b"), "New project test"): Text 'New project test' is set on object 'Object Repository/Project/Page_advisor to-do/input_Archived Projects_ml-2 m-0 form-contr_5e655b'

2019-12-16 15:14:55 - [MESSAGE][PASSED] - Text 'New project test' is set on object 'Object Repository/Project/Page_advisor to-do/input_Archived Projects_ml-2 m-0 form-contr_5e655b'

2019-12-16 15:14:55 - [TEST_STEP][PASSED] - click(findTestObject("Object Repository/Project/Page_advisor to-do/div_Contact")): Object: 'Object Repository/Project/Page_advisor to-do/div_Contact' is clicked on

2019-12-16 15:14:55 - [MESSAGE][PASSED] - Object: 'Object Repository/Project/Page_advisor to-do/div_Contact' is clicked on

2019-12-16 15:14:55 - [TEST_STEP][PASSED] - click(findTestObject("Object Repository/Project/Page_advisor to-do/div_Kumar")): Object: 'Object Repository/Project/Page_advisor to-do/div_Kumar' is clicked on

2019-12-16 15:14:56 - [MESSAGE][PASSED] - Object: 'Object Repository/Project/Page_advisor to-do/div_Kumar' is clicked on

2019-12-16 15:14:56 - [TEST_STEP][PASSED] - click(findTestObject("Object Repository/Project/Page_advisor to-do/input_Kumar_projectDurationStartInput")): Object: 'Object Repository/Project/Page_advisor to-do/input_Kumar_projectDurationStartInput' is clicked on

2019-12-16 15:14:57 - [MESSAGE][PASSED] - Object: 'Object Repository/Project/Page_advisor to-do/input_Kumar_projectDurationStartInput' is clicked on

2019-12-16 15:14:57 - [TEST_STEP][PASSED] - click(findTestObject("Object Repository/Project/Page_advisor to-do/div_16")): Object: 'Object Repository/Project/Page_advisor to-do/div_16' is clicked on

2019-12-16 15:14:58 - [MESSAGE][PASSED] - Object: 'Object Repository/Project/Page_advisor to-do/div_16' is clicked on

2019-12-16 15:14:58 - [TEST_STEP][PASSED] - click(findTestObject("Object Repository/Project/Page_advisor to-do/input_Kumar_projectDurationEndInput")): Object: 'Object Repository/Project/Page_advisor to-do/input_Kumar_projectDurationEndInput' is clicked on

2019-12-16 15:14:59 - [MESSAGE][PASSED] - Object: 'Object Repository/Project/Page_advisor to-do/input_Kumar_projectDurationEndInput' is clicked on

2019-12-16 15:14:59 - [TEST_STEP][PASSED] - click(findTestObject("Object Repository/Project/Page_advisor to-do/div_31")): Object: 'Object Repository/Project/Page_advisor to-do/div_31' is clicked on

2019-12-16 15:14:59 - [MESSAGE][PASSED] - Object: 'Object Repository/Project/Page_advisor to-do/div_31' is clicked on

2019-12-16 15:14:59 - [TEST_STEP][PASSED] - click(findTestObject("Object Repository/Project/Page_advisor to-do/div_Project Owner")): Object: 'Object Repository/Project/Page_advisor to-do/div_Project Owner' is clicked on

2019-12-16 15:15:00 - [MESSAGE][PASSED] - Object: 'Object Repository/Project/Page_advisor to-do/div_Project Owner' is clicked on

2019-12-16 15:15:00 - [TEST_STEP][PASSED] - click(findTestObject("Object Repository/Project/Page_advisor to-do/div_Nishit Sheth")): Object: 'Object Repository/Project/Page_advisor to-do/div_Nishit Sheth' is clicked on

2019-12-16 15:15:01 - [MESSAGE][PASSED] - Object: 'Object Repository/Project/Page_advisor to-do/div_Nishit Sheth' is clicked on

2019-12-16 15:15:01 - [TEST_STEP][PASSED] - setText(findTestObject("Object Repository/Project/Page_advisor to-do/textarea_test project_1"), "test project
"): Text 'test project
' is set on object 'Object Repository/Project/Page_advisor to-do/textarea_test project_1'

2019-12-16 15:15:45 - [MESSAGE][INFO] - Unable to find the element located by 'By.xpath: //textarea[@id='selectedDescription25']'. Please recheck the objects properties to make sure the desired element is located. 

2019-12-16 15:15:45 - [MESSAGE][INFO] - [SMART_XPATH] Auto-trying out other XPath values in the test object.

2019-12-16 15:15:45 - [MESSAGE][INFO] - [SMART_XPATH] FAILED XPATH: '//textarea[@id='selectedDescription25']'.

2019-12-16 15:15:46 - [MESSAGE][INFO] - [SMART_XPATH] WORKING XPATH: '//div[@id='root']/div/div/div/div/div/div[2]/div/div[2]/form/div[5]/div/div/div/textarea'.

2019-12-16 15:15:46 - [MESSAGE][INFO] - [SMART_XPATH] Screenshot: /home/nishit/Katalon Studio/Advisortodo/Reports/smart_xpath/Object Repository/Project/Page_advisor to-do/textarea_test project_1_idRelative.png

2019-12-16 15:15:46 - [MESSAGE][INFO] - [SMART_XPATH] WORKING XPATH: '(.//*[normalize-space(text()) and normalize-space(.)='Nishit Sheth'])[1]/following::textarea[1]'.

2019-12-16 15:15:46 - [MESSAGE][INFO] - [SMART_XPATH] Screenshot: /home/nishit/Katalon Studio/Advisortodo/Reports/smart_xpath/Object Repository/Project/Page_advisor to-do/textarea_test project_1_neighbor_2.png

2019-12-16 15:15:47 - [MESSAGE][INFO] - [SMART_XPATH] WORKING XPATH: '(.//*[normalize-space(text()) and normalize-space(.)='NS'])[6]/following::textarea[1]'.

2019-12-16 15:15:47 - [MESSAGE][INFO] - [SMART_XPATH] Screenshot: /home/nishit/Katalon Studio/Advisortodo/Reports/smart_xpath/Object Repository/Project/Page_advisor to-do/textarea_test project_1_neighbor_3.png

2019-12-16 15:15:47 - [MESSAGE][INFO] - [SMART_XPATH] FAILED XPATH: '(.//*[normalize-space(text()) and normalize-space(.)=concat('id(', '"', 'selectedDescription25', '"', ')')])[1]/preceding::textarea[1]'.

2019-12-16 15:15:47 - [MESSAGE][INFO] - [SMART_XPATH] FAILED XPATH: '//*/text()[normalize-space(.)='test project']/parent::*'.

2019-12-16 15:15:48 - [MESSAGE][INFO] - [SMART_XPATH] WORKING XPATH: '//div[5]/div/div/div/textarea'.

2019-12-16 15:15:48 - [MESSAGE][INFO] - [SMART_XPATH] Screenshot: /home/nishit/Katalon Studio/Advisortodo/Reports/smart_xpath/Object Repository/Project/Page_advisor to-do/textarea_test project_1_position.png

2019-12-16 15:15:48 - [MESSAGE][ERROR] - [SMART_XPATH] /home/nishit/Katalon Studio/Advisortodo/Reports/smart_xpath/waiting-for-approval.json (No such file or directory)

2019-12-16 15:15:48 - [MESSAGE][ERROR] - [SMART_XPATH] /home/nishit/Katalon Studio/Advisortodo/Reports/smart_xpath/waiting-for-approval.json does not exist or is provided by Smart XPath Plugin!

2019-12-16 15:15:48 - [MESSAGE][INFO] - [SMART_XPATH] Selected Smart XPath: '//div[@id='root']/div/div/div/div/div/div[2]/div/div[2]/form/div[5]/div/div/div/textarea'.

2019-12-16 15:15:48 - [MESSAGE][INFO] - [SMART_XPATH] Continuing executing the test case!

2019-12-16 15:15:49 - [MESSAGE][PASSED] - Text 'test project
' is set on object 'Object Repository/Project/Page_advisor to-do/textarea_test project_1'

2019-12-16 15:15:49 - [TEST_STEP][PASSED] - click(findTestObject("Object Repository/Project/Page_advisor to-do/div_New project testKKumar NSNishit Shethte_dbe608")): Object: 'Object Repository/Project/Page_advisor to-do/div_New project testKKumar NSNishit Shethte_dbe608' is clicked on

2019-12-16 15:15:49 - [MESSAGE][PASSED] - Object: 'Object Repository/Project/Page_advisor to-do/div_New project testKKumar NSNishit Shethte_dbe608' is clicked on

2019-12-16 15:15:49 - [TEST_STEP][PASSED] - click(findTestObject("Object Repository/Project/Page_advisor to-do/p_0")): Object: 'Object Repository/Project/Page_advisor to-do/p_0' is clicked on

2019-12-16 15:15:50 - [MESSAGE][PASSED] - Object: 'Object Repository/Project/Page_advisor to-do/p_0' is clicked on

2019-12-16 15:15:50 - [TEST_STEP][PASSED] - click(findTestObject("Object Repository/Project/Page_advisor to-do/button_test project_addTask")): Object: 'Object Repository/Project/Page_advisor to-do/button_test project_addTask' is clicked on

2019-12-16 15:15:53 - [MESSAGE][PASSED] - Object: 'Object Repository/Project/Page_advisor to-do/button_test project_addTask' is clicked on

2019-12-16 15:15:53 - [TEST_STEP][PASSED] - setText(findTestObject("Object Repository/Project/Page_advisor to-do/input_test project_combobox1"), "New test project task"): Text 'New test project task' is set on object 'Object Repository/Project/Page_advisor to-do/input_test project_combobox1'

2019-12-16 15:15:54 - [MESSAGE][PASSED] - Text 'New test project task' is set on object 'Object Repository/Project/Page_advisor to-do/input_test project_combobox1'

2019-12-16 15:15:54 - [TEST_STEP][PASSED] - sendKeys(findTestObject("Object Repository/Project/Page_advisor to-do/input_test project_combobox1"), Keys.chord(ENTER)): Keys 'ENTER + ' sent to object: 'Object Repository/Project/Page_advisor to-do/input_test project_combobox1'

2019-12-16 15:15:55 - [MESSAGE][PASSED] - Keys 'ENTER + ' sent to object: 'Object Repository/Project/Page_advisor to-do/input_test project_combobox1'

2019-12-16 15:15:55 - [TEST_STEP][PASSED] - click(findTestObject("Object Repository/Project/Page_advisor to-do/p_New test project task")): Object: 'Object Repository/Project/Page_advisor to-do/p_New test project task' is clicked on

2019-12-16 15:15:56 - [MESSAGE][PASSED] - Object: 'Object Repository/Project/Page_advisor to-do/p_New test project task' is clicked on

2019-12-16 15:15:56 - [TEST_STEP][PASSED] - click(findTestObject("Object Repository/Project/Page_advisor to-do/div_High")): Object: 'Object Repository/Project/Page_advisor to-do/div_High' is clicked on

2019-12-16 15:15:57 - [MESSAGE][PASSED] - Object: 'Object Repository/Project/Page_advisor to-do/div_High' is clicked on

2019-12-16 15:15:57 - [TEST_STEP][PASSED] - click(findTestObject("Object Repository/Project/Page_advisor to-do/div_Medium")): Object: 'Object Repository/Project/Page_advisor to-do/div_Medium' is clicked on

2019-12-16 15:15:57 - [MESSAGE][PASSED] - Object: 'Object Repository/Project/Page_advisor to-do/div_Medium' is clicked on

2019-12-16 15:15:57 - [TEST_STEP][PASSED] - click(findTestObject("Object Repository/Project/Page_advisor to-do/input_Medium_taskDueDate")): Object: 'Object Repository/Project/Page_advisor to-do/input_Medium_taskDueDate' is clicked on

2019-12-16 15:15:58 - [MESSAGE][PASSED] - Object: 'Object Repository/Project/Page_advisor to-do/input_Medium_taskDueDate' is clicked on

2019-12-16 15:15:58 - [TEST_STEP][PASSED] - click(findTestObject("Object Repository/Project/Page_advisor to-do/div_17")): Object: 'Object Repository/Project/Page_advisor to-do/div_17' is clicked on

2019-12-16 15:15:59 - [MESSAGE][PASSED] - Object: 'Object Repository/Project/Page_advisor to-do/div_17' is clicked on

2019-12-16 15:15:59 - [TEST_STEP][PASSED] - click(findTestObject("Object Repository/Project/Page_advisor to-do/div_00")): Object: 'Object Repository/Project/Page_advisor to-do/div_00' is clicked on

2019-12-16 15:16:00 - [MESSAGE][PASSED] - Object: 'Object Repository/Project/Page_advisor to-do/div_00' is clicked on

2019-12-16 15:16:00 - [TEST_STEP][PASSED] - click(findTestObject("Object Repository/Project/Page_advisor to-do/div_02")): Object: 'Object Repository/Project/Page_advisor to-do/div_02' is clicked on

2019-12-16 15:16:00 - [MESSAGE][PASSED] - Object: 'Object Repository/Project/Page_advisor to-do/div_02' is clicked on

2019-12-16 15:16:00 - [TEST_STEP][PASSED] - click(findTestObject("Object Repository/Project/Page_advisor to-do/div_ option New focused 1 of 14 14 results _33863a")): Object: 'Object Repository/Project/Page_advisor to-do/div_ option New focused 1 of 14 14 results _33863a' is clicked on

2019-12-16 15:16:01 - [MESSAGE][PASSED] - Object: 'Object Repository/Project/Page_advisor to-do/div_ option New focused 1 of 14 14 results _33863a' is clicked on

2019-12-16 15:16:01 - [TEST_STEP][PASSED] - click(findTestObject("Object Repository/Project/Page_advisor to-do/div_Production")): Object: 'Object Repository/Project/Page_advisor to-do/div_Production' is clicked on

2019-12-16 15:16:01 - [MESSAGE][PASSED] - Object: 'Object Repository/Project/Page_advisor to-do/div_Production' is clicked on

2019-12-16 15:16:01 - [TEST_STEP][PASSED] - setText(findTestObject("Object Repository/Project/Page_advisor to-do/input_Production_react-tagsinput-input"), "new"): Text 'new' is set on object 'Object Repository/Project/Page_advisor to-do/input_Production_react-tagsinput-input'

2019-12-16 15:16:02 - [MESSAGE][PASSED] - Text 'new' is set on object 'Object Repository/Project/Page_advisor to-do/input_Production_react-tagsinput-input'

2019-12-16 15:16:02 - [TEST_STEP][PASSED] - sendKeys(findTestObject("Object Repository/Project/Page_advisor to-do/input_Production_react-tagsinput-input"), Keys.chord(ENTER)): Keys 'ENTER + ' sent to object: 'Object Repository/Project/Page_advisor to-do/input_Production_react-tagsinput-input'

2019-12-16 15:16:03 - [MESSAGE][PASSED] - Keys 'ENTER + ' sent to object: 'Object Repository/Project/Page_advisor to-do/input_Production_react-tagsinput-input'

2019-12-16 15:16:03 - [TEST_STEP][PASSED] - click(findTestObject("Object Repository/Project/Page_advisor to-do/i_test project_fa fa-clone")): Object: 'Object Repository/Project/Page_advisor to-do/i_test project_fa fa-clone' is clicked on

2019-12-16 15:16:03 - [MESSAGE][PASSED] - Object: 'Object Repository/Project/Page_advisor to-do/i_test project_fa fa-clone' is clicked on

2019-12-16 15:16:03 - [TEST_STEP][PASSED] - click(findTestObject("Object Repository/Project/Page_advisor to-do/button_Createda few seconds ago_deleteTask")): Object: 'Object Repository/Project/Page_advisor to-do/button_Createda few seconds ago_deleteTask' is clicked on

2019-12-16 15:16:04 - [MESSAGE][PASSED] - Object: 'Object Repository/Project/Page_advisor to-do/button_Createda few seconds ago_deleteTask' is clicked on

2019-12-16 15:16:04 - [TEST_STEP][PASSED] - click(findTestObject("Object Repository/Project/Page_advisor to-do/img_No Notifications_sb-avatar__image")): Object: 'Object Repository/Project/Page_advisor to-do/img_No Notifications_sb-avatar__image' is clicked on

2019-12-16 15:16:06 - [MESSAGE][PASSED] - Object: 'Object Repository/Project/Page_advisor to-do/img_No Notifications_sb-avatar__image' is clicked on

2019-12-16 15:16:06 - [TEST_STEP][PASSED] - click(findTestObject("Object Repository/Project/Page_advisor to-do/span_Logout")): Object: 'Object Repository/Project/Page_advisor to-do/span_Logout' is clicked on

2019-12-16 15:16:06 - [MESSAGE][PASSED] - Object: 'Object Repository/Project/Page_advisor to-do/span_Logout' is clicked on

2019-12-16 15:16:06 - [TEST_STEP][PASSED] - closeBrowser(): Browser is closed

2019-12-16 15:16:06 - [MESSAGE][PASSED] - Browser is closed

2019-12-16 15:16:09 - [TEST_STEP][PASSED] - Video: Video recording for test case 'Test Cases/Project' .

2019-12-16 15:16:09 - [MESSAGE][INFO] - Video recording for test case 'Test Cases/Project' .
[[ATTACHMENT|/home/nishit/Katalon Studio/Advisortodo/Reports/20191216_151019/Advisortodo Testsuite/20191216_151019/videos/test_5.avi]]]]></system-out>
         <system-err><![CDATA[]]></system-err>
      </testcase>
      <system-out><![CDATA[2019-12-16 15:10:48 - [TEST_SUITE][PASSED] - Advisortodo Testsuite: Test Cases/Project]]></system-out>
      <system-err><![CDATA[]]></system-err>
   </testsuite>
</testsuites>
